
------ start at 2020-02-27 17:27:16 ------
elasticsearch-windows:C:\Users\Administrator\Desktop\download_elastic\dumpInfo.php:44:
array(16) {
  [0] =>
  string(91) "https://artifacts.elastic.co/downloads/elasticsearch/elasticsearch-7.6.0-windows-x86_64.zip"
  [1] =>
  string(91) "https://artifacts.elastic.co/downloads/elasticsearch/elasticsearch-7.5.2-windows-x86_64.zip"
  [2] =>
  string(91) "https://artifacts.elastic.co/downloads/elasticsearch/elasticsearch-7.5.1-windows-x86_64.zip"
  [3] =>
  string(91) "https://artifacts.elastic.co/downloads/elasticsearch/elasticsearch-7.5.0-windows-x86_64.zip"
  [4] =>
  string(91) "https://artifacts.elastic.co/downloads/elasticsearch/elasticsearch-7.4.2-windows-x86_64.zip"
  [5] =>
  string(91) "https://artifacts.elastic.co/downloads/elasticsearch/elasticsearch-7.4.1-windows-x86_64.zip"
  [6] =>
  string(91) "https://artifacts.elastic.co/downloads/elasticsearch/elasticsearch-7.4.0-windows-x86_64.zip"
  [7] =>
  string(91) "https://artifacts.elastic.co/downloads/elasticsearch/elasticsearch-7.3.2-windows-x86_64.zip"
  [8] =>
  string(91) "https://artifacts.elastic.co/downloads/elasticsearch/elasticsearch-7.3.1-windows-x86_64.zip"
  [9] =>
  string(91) "https://artifacts.elastic.co/downloads/elasticsearch/elasticsearch-7.3.0-windows-x86_64.zip"
  [10] =>
  string(91) "https://artifacts.elastic.co/downloads/elasticsearch/elasticsearch-7.2.1-windows-x86_64.zip"
  [11] =>
  string(91) "https://artifacts.elastic.co/downloads/elasticsearch/elasticsearch-7.2.0-windows-x86_64.zip"
  [12] =>
  string(91) "https://artifacts.elastic.co/downloads/elasticsearch/elasticsearch-7.1.1-windows-x86_64.zip"
  [13] =>
  string(91) "https://artifacts.elastic.co/downloads/elasticsearch/elasticsearch-7.1.0-windows-x86_64.zip"
  [14] =>
  string(91) "https://artifacts.elastic.co/downloads/elasticsearch/elasticsearch-7.0.1-windows-x86_64.zip"
  [15] =>
  string(91) "https://artifacts.elastic.co/downloads/elasticsearch/elasticsearch-7.0.0-windows-x86_64.zip"
}

elasticsearch-linux:C:\Users\Administrator\Desktop\download_elastic\dumpInfo.php:44:
array(16) {
  [0] =>
  string(92) "https://artifacts.elastic.co/downloads/elasticsearch/elasticsearch-7.6.0-linux-x86_64.tar.gz"
  [1] =>
  string(92) "https://artifacts.elastic.co/downloads/elasticsearch/elasticsearch-7.5.2-linux-x86_64.tar.gz"
  [2] =>
  string(92) "https://artifacts.elastic.co/downloads/elasticsearch/elasticsearch-7.5.1-linux-x86_64.tar.gz"
  [3] =>
  string(92) "https://artifacts.elastic.co/downloads/elasticsearch/elasticsearch-7.5.0-linux-x86_64.tar.gz"
  [4] =>
  string(92) "https://artifacts.elastic.co/downloads/elasticsearch/elasticsearch-7.4.2-linux-x86_64.tar.gz"
  [5] =>
  string(92) "https://artifacts.elastic.co/downloads/elasticsearch/elasticsearch-7.4.1-linux-x86_64.tar.gz"
  [6] =>
  string(92) "https://artifacts.elastic.co/downloads/elasticsearch/elasticsearch-7.4.0-linux-x86_64.tar.gz"
  [7] =>
  string(92) "https://artifacts.elastic.co/downloads/elasticsearch/elasticsearch-7.3.2-linux-x86_64.tar.gz"
  [8] =>
  string(92) "https://artifacts.elastic.co/downloads/elasticsearch/elasticsearch-7.3.1-linux-x86_64.tar.gz"
  [9] =>
  string(92) "https://artifacts.elastic.co/downloads/elasticsearch/elasticsearch-7.3.0-linux-x86_64.tar.gz"
  [10] =>
  string(92) "https://artifacts.elastic.co/downloads/elasticsearch/elasticsearch-7.2.1-linux-x86_64.tar.gz"
  [11] =>
  string(92) "https://artifacts.elastic.co/downloads/elasticsearch/elasticsearch-7.2.0-linux-x86_64.tar.gz"
  [12] =>
  string(92) "https://artifacts.elastic.co/downloads/elasticsearch/elasticsearch-7.1.1-linux-x86_64.tar.gz"
  [13] =>
  string(92) "https://artifacts.elastic.co/downloads/elasticsearch/elasticsearch-7.1.0-linux-x86_64.tar.gz"
  [14] =>
  string(92) "https://artifacts.elastic.co/downloads/elasticsearch/elasticsearch-7.0.1-linux-x86_64.tar.gz"
  [15] =>
  string(92) "https://artifacts.elastic.co/downloads/elasticsearch/elasticsearch-7.0.0-linux-x86_64.tar.gz"
}

elasticsearch-darwin:C:\Users\Administrator\Desktop\download_elastic\dumpInfo.php:44:
array(16) {
  [0] =>
  string(93) "https://artifacts.elastic.co/downloads/elasticsearch/elasticsearch-7.6.0-darwin-x86_64.tar.gz"
  [1] =>
  string(93) "https://artifacts.elastic.co/downloads/elasticsearch/elasticsearch-7.5.2-darwin-x86_64.tar.gz"
  [2] =>
  string(93) "https://artifacts.elastic.co/downloads/elasticsearch/elasticsearch-7.5.1-darwin-x86_64.tar.gz"
  [3] =>
  string(93) "https://artifacts.elastic.co/downloads/elasticsearch/elasticsearch-7.5.0-darwin-x86_64.tar.gz"
  [4] =>
  string(93) "https://artifacts.elastic.co/downloads/elasticsearch/elasticsearch-7.4.2-darwin-x86_64.tar.gz"
  [5] =>
  string(93) "https://artifacts.elastic.co/downloads/elasticsearch/elasticsearch-7.4.1-darwin-x86_64.tar.gz"
  [6] =>
  string(93) "https://artifacts.elastic.co/downloads/elasticsearch/elasticsearch-7.4.0-darwin-x86_64.tar.gz"
  [7] =>
  string(93) "https://artifacts.elastic.co/downloads/elasticsearch/elasticsearch-7.3.2-darwin-x86_64.tar.gz"
  [8] =>
  string(93) "https://artifacts.elastic.co/downloads/elasticsearch/elasticsearch-7.3.1-darwin-x86_64.tar.gz"
  [9] =>
  string(93) "https://artifacts.elastic.co/downloads/elasticsearch/elasticsearch-7.3.0-darwin-x86_64.tar.gz"
  [10] =>
  string(93) "https://artifacts.elastic.co/downloads/elasticsearch/elasticsearch-7.2.1-darwin-x86_64.tar.gz"
  [11] =>
  string(93) "https://artifacts.elastic.co/downloads/elasticsearch/elasticsearch-7.2.0-darwin-x86_64.tar.gz"
  [12] =>
  string(93) "https://artifacts.elastic.co/downloads/elasticsearch/elasticsearch-7.1.1-darwin-x86_64.tar.gz"
  [13] =>
  string(93) "https://artifacts.elastic.co/downloads/elasticsearch/elasticsearch-7.1.0-darwin-x86_64.tar.gz"
  [14] =>
  string(93) "https://artifacts.elastic.co/downloads/elasticsearch/elasticsearch-7.0.1-darwin-x86_64.tar.gz"
  [15] =>
  string(93) "https://artifacts.elastic.co/downloads/elasticsearch/elasticsearch-7.0.0-darwin-x86_64.tar.gz"
}

kibana-windows:C:\Users\Administrator\Desktop\download_elastic\dumpInfo.php:44:
array(128) {
  [71] =>
  string(70) "https://download.elastic.co/kibana/kibana/kibana-4.6.6-windows-x86.zip"
  [73] =>
  string(70) "https://download.elastic.co/kibana/kibana/kibana-4.6.5-windows-x86.zip"
  [89] =>
  string(70) "https://download.elastic.co/kibana/kibana/kibana-4.6.4-windows-x86.zip"
  [90] =>
  string(70) "https://download.elastic.co/kibana/kibana/kibana-4.6.3-windows-x86.zip"
  [108] =>
  string(70) "https://download.elastic.co/kibana/kibana/kibana-4.6.2-windows-x86.zip"
  [109] =>
  string(70) "https://download.elastic.co/kibana/kibana/kibana-4.6.1-windows-x86.zip"
  [110] =>
  string(70) "https://download.elastic.co/kibana/kibana/kibana-4.6.0-windows-x86.zip"
  [111] =>
  string(66) "https://download.elastic.co/kibana/kibana/kibana-4.5.4-windows.zip"
  [112] =>
  string(66) "https://download.elastic.co/kibana/kibana/kibana-4.5.3-windows.zip"
  [113] =>
  string(66) "https://download.elastic.co/kibana/kibana/kibana-4.5.2-windows.zip"
  [121] =>
  string(66) "https://download.elastic.co/kibana/kibana/kibana-4.5.1-windows.zip"
  [117] =>
  string(66) "https://download.elastic.co/kibana/kibana/kibana-4.5.0-windows.zip"
  [116] =>
  string(66) "https://download.elastic.co/kibana/kibana/kibana-4.4.2-windows.zip"
  [115] =>
  string(66) "https://download.elastic.co/kibana/kibana/kibana-4.4.1-windows.zip"
  [114] =>
  string(66) "https://download.elastic.co/kibana/kibana/kibana-4.4.0-windows.zip"
  [118] =>
  string(66) "https://download.elastic.co/kibana/kibana/kibana-4.3.3-windows.zip"
  [119] =>
  string(66) "https://download.elastic.co/kibana/kibana/kibana-4.3.2-windows.zip"
  [123] =>
  string(66) "https://download.elastic.co/kibana/kibana/kibana-4.3.1-windows.zip"
  [126] =>
  string(66) "https://download.elastic.co/kibana/kibana/kibana-4.3.0-windows.zip"
  [82] =>
  string(66) "https://download.elastic.co/kibana/kibana/kibana-4.2.2-windows.zip"
  [81] =>
  string(66) "https://download.elastic.co/kibana/kibana/kibana-4.2.1-windows.zip"
  [80] =>
  string(66) "https://download.elastic.co/kibana/kibana/kibana-4.2.0-windows.zip"
  [93] =>
  string(66) "https://download.elastic.co/kibana/kibana/kibana-4.1.9-windows.zip"
  [94] =>
  string(66) "https://download.elastic.co/kibana/kibana/kibana-4.1.8-windows.zip"
  [95] =>
  string(66) "https://download.elastic.co/kibana/kibana/kibana-4.1.7-windows.zip"
  [96] =>
  string(66) "https://download.elastic.co/kibana/kibana/kibana-4.1.6-windows.zip"
  [97] =>
  string(66) "https://download.elastic.co/kibana/kibana/kibana-4.1.5-windows.zip"
  [98] =>
  string(66) "https://download.elastic.co/kibana/kibana/kibana-4.1.4-windows.zip"
  [99] =>
  string(66) "https://download.elastic.co/kibana/kibana/kibana-4.1.3-windows.zip"
  [100] =>
  string(66) "https://download.elastic.co/kibana/kibana/kibana-4.1.2-windows.zip"
  [91] =>
  string(67) "https://download.elastic.co/kibana/kibana/kibana-4.1.11-windows.zip"
  [92] =>
  string(67) "https://download.elastic.co/kibana/kibana/kibana-4.1.10-windows.zip"
  [125] =>
  string(66) "https://download.elastic.co/kibana/kibana/kibana-4.1.1-windows.zip"
  [122] =>
  string(66) "https://download.elastic.co/kibana/kibana/kibana-4.1.0-windows.zip"
  [88] =>
  string(66) "https://download.elastic.co/kibana/kibana/kibana-4.0.3-windows.zip"
  [124] =>
  string(66) "https://download.elastic.co/kibana/kibana/kibana-4.0.2-windows.zip"
  [120] =>
  string(66) "https://download.elastic.co/kibana/kibana/kibana-4.0.1-windows.zip"
  [127] =>
  string(66) "https://download.elastic.co/kibana/kibana/kibana-4.0.0-windows.zip"
  [0] =>
  string(77) "https://artifacts.elastic.co/downloads/kibana/kibana-7.6.0-windows-x86_64.zip"
  [1] =>
  string(77) "https://artifacts.elastic.co/downloads/kibana/kibana-7.5.2-windows-x86_64.zip"
  [2] =>
  string(77) "https://artifacts.elastic.co/downloads/kibana/kibana-7.5.1-windows-x86_64.zip"
  [4] =>
  string(77) "https://artifacts.elastic.co/downloads/kibana/kibana-7.5.0-windows-x86_64.zip"
  [6] =>
  string(77) "https://artifacts.elastic.co/downloads/kibana/kibana-7.4.2-windows-x86_64.zip"
  [7] =>
  string(77) "https://artifacts.elastic.co/downloads/kibana/kibana-7.4.1-windows-x86_64.zip"
  [9] =>
  string(77) "https://artifacts.elastic.co/downloads/kibana/kibana-7.4.0-windows-x86_64.zip"
  [10] =>
  string(77) "https://artifacts.elastic.co/downloads/kibana/kibana-7.3.2-windows-x86_64.zip"
  [12] =>
  string(77) "https://artifacts.elastic.co/downloads/kibana/kibana-7.3.1-windows-x86_64.zip"
  [13] =>
  string(77) "https://artifacts.elastic.co/downloads/kibana/kibana-7.3.0-windows-x86_64.zip"
  [14] =>
  string(77) "https://artifacts.elastic.co/downloads/kibana/kibana-7.2.1-windows-x86_64.zip"
  [17] =>
  string(77) "https://artifacts.elastic.co/downloads/kibana/kibana-7.2.0-windows-x86_64.zip"
  [18] =>
  string(77) "https://artifacts.elastic.co/downloads/kibana/kibana-7.1.1-windows-x86_64.zip"
  [20] =>
  string(77) "https://artifacts.elastic.co/downloads/kibana/kibana-7.1.0-windows-x86_64.zip"
  [22] =>
  string(77) "https://artifacts.elastic.co/downloads/kibana/kibana-7.0.1-windows-x86_64.zip"
  [24] =>
  string(77) "https://artifacts.elastic.co/downloads/kibana/kibana-7.0.0-windows-x86_64.zip"
  [3] =>
  string(77) "https://artifacts.elastic.co/downloads/kibana/kibana-6.8.6-windows-x86_64.zip"
  [5] =>
  string(77) "https://artifacts.elastic.co/downloads/kibana/kibana-6.8.5-windows-x86_64.zip"
  [8] =>
  string(77) "https://artifacts.elastic.co/downloads/kibana/kibana-6.8.4-windows-x86_64.zip"
  [11] =>
  string(77) "https://artifacts.elastic.co/downloads/kibana/kibana-6.8.3-windows-x86_64.zip"
  [15] =>
  string(77) "https://artifacts.elastic.co/downloads/kibana/kibana-6.8.2-windows-x86_64.zip"
  [19] =>
  string(77) "https://artifacts.elastic.co/downloads/kibana/kibana-6.8.1-windows-x86_64.zip"
  [21] =>
  string(77) "https://artifacts.elastic.co/downloads/kibana/kibana-6.8.0-windows-x86_64.zip"
  [23] =>
  string(77) "https://artifacts.elastic.co/downloads/kibana/kibana-6.7.2-windows-x86_64.zip"
  [25] =>
  string(77) "https://artifacts.elastic.co/downloads/kibana/kibana-6.7.1-windows-x86_64.zip"
  [26] =>
  string(77) "https://artifacts.elastic.co/downloads/kibana/kibana-6.7.0-windows-x86_64.zip"
  [27] =>
  string(77) "https://artifacts.elastic.co/downloads/kibana/kibana-6.6.2-windows-x86_64.zip"
  [28] =>
  string(77) "https://artifacts.elastic.co/downloads/kibana/kibana-6.6.1-windows-x86_64.zip"
  [30] =>
  string(77) "https://artifacts.elastic.co/downloads/kibana/kibana-6.6.0-windows-x86_64.zip"
  [31] =>
  string(77) "https://artifacts.elastic.co/downloads/kibana/kibana-6.5.4-windows-x86_64.zip"
  [33] =>
  string(77) "https://artifacts.elastic.co/downloads/kibana/kibana-6.5.3-windows-x86_64.zip"
  [34] =>
  string(77) "https://artifacts.elastic.co/downloads/kibana/kibana-6.5.2-windows-x86_64.zip"
  [35] =>
  string(77) "https://artifacts.elastic.co/downloads/kibana/kibana-6.5.1-windows-x86_64.zip"
  [36] =>
  string(77) "https://artifacts.elastic.co/downloads/kibana/kibana-6.5.0-windows-x86_64.zip"
  [38] =>
  string(77) "https://artifacts.elastic.co/downloads/kibana/kibana-6.4.3-windows-x86_64.zip"
  [39] =>
  string(77) "https://artifacts.elastic.co/downloads/kibana/kibana-6.4.2-windows-x86_64.zip"
  [41] =>
  string(77) "https://artifacts.elastic.co/downloads/kibana/kibana-6.4.1-windows-x86_64.zip"
  [42] =>
  string(77) "https://artifacts.elastic.co/downloads/kibana/kibana-6.4.0-windows-x86_64.zip"
  [44] =>
  string(77) "https://artifacts.elastic.co/downloads/kibana/kibana-6.3.2-windows-x86_64.zip"
  [45] =>
  string(77) "https://artifacts.elastic.co/downloads/kibana/kibana-6.3.1-windows-x86_64.zip"
  [47] =>
  string(77) "https://artifacts.elastic.co/downloads/kibana/kibana-6.3.0-windows-x86_64.zip"
  [48] =>
  string(77) "https://artifacts.elastic.co/downloads/kibana/kibana-6.2.4-windows-x86_64.zip"
  [50] =>
  string(77) "https://artifacts.elastic.co/downloads/kibana/kibana-6.2.3-windows-x86_64.zip"
  [52] =>
  string(77) "https://artifacts.elastic.co/downloads/kibana/kibana-6.2.2-windows-x86_64.zip"
  [54] =>
  string(77) "https://artifacts.elastic.co/downloads/kibana/kibana-6.2.1-windows-x86_64.zip"
  [55] =>
  string(77) "https://artifacts.elastic.co/downloads/kibana/kibana-6.2.0-windows-x86_64.zip"
  [51] =>
  string(77) "https://artifacts.elastic.co/downloads/kibana/kibana-6.1.4-windows-x86_64.zip"
  [56] =>
  string(77) "https://artifacts.elastic.co/downloads/kibana/kibana-6.1.3-windows-x86_64.zip"
  [59] =>
  string(77) "https://artifacts.elastic.co/downloads/kibana/kibana-6.1.2-windows-x86_64.zip"
  [60] =>
  string(77) "https://artifacts.elastic.co/downloads/kibana/kibana-6.1.1-windows-x86_64.zip"
  [61] =>
  string(77) "https://artifacts.elastic.co/downloads/kibana/kibana-6.1.0-windows-x86_64.zip"
  [63] =>
  string(77) "https://artifacts.elastic.co/downloads/kibana/kibana-6.0.1-windows-x86_64.zip"
  [64] =>
  string(77) "https://artifacts.elastic.co/downloads/kibana/kibana-6.0.0-windows-x86_64.zip"
  [49] =>
  string(74) "https://artifacts.elastic.co/downloads/kibana/kibana-5.6.9-windows-x86.zip"
  [53] =>
  string(74) "https://artifacts.elastic.co/downloads/kibana/kibana-5.6.8-windows-x86.zip"
  [57] =>
  string(74) "https://artifacts.elastic.co/downloads/kibana/kibana-5.6.7-windows-x86.zip"
  [58] =>
  string(74) "https://artifacts.elastic.co/downloads/kibana/kibana-5.6.6-windows-x86.zip"
  [62] =>
  string(74) "https://artifacts.elastic.co/downloads/kibana/kibana-5.6.5-windows-x86.zip"
  [65] =>
  string(74) "https://artifacts.elastic.co/downloads/kibana/kibana-5.6.4-windows-x86.zip"
  [66] =>
  string(74) "https://artifacts.elastic.co/downloads/kibana/kibana-5.6.3-windows-x86.zip"
  [67] =>
  string(74) "https://artifacts.elastic.co/downloads/kibana/kibana-5.6.2-windows-x86.zip"
  [16] =>
  string(75) "https://artifacts.elastic.co/downloads/kibana/kibana-5.6.16-windows-x86.zip"
  [29] =>
  string(75) "https://artifacts.elastic.co/downloads/kibana/kibana-5.6.15-windows-x86.zip"
  [32] =>
  string(75) "https://artifacts.elastic.co/downloads/kibana/kibana-5.6.14-windows-x86.zip"
  [37] =>
  string(75) "https://artifacts.elastic.co/downloads/kibana/kibana-5.6.13-windows-x86.zip"
  [40] =>
  string(75) "https://artifacts.elastic.co/downloads/kibana/kibana-5.6.12-windows-x86.zip"
  [43] =>
  string(75) "https://artifacts.elastic.co/downloads/kibana/kibana-5.6.11-windows-x86.zip"
  [46] =>
  string(75) "https://artifacts.elastic.co/downloads/kibana/kibana-5.6.10-windows-x86.zip"
  [68] =>
  string(74) "https://artifacts.elastic.co/downloads/kibana/kibana-5.6.1-windows-x86.zip"
  [69] =>
  string(74) "https://artifacts.elastic.co/downloads/kibana/kibana-5.6.0-windows-x86.zip"
  [70] =>
  string(74) "https://artifacts.elastic.co/downloads/kibana/kibana-5.5.3-windows-x86.zip"
  [72] =>
  string(74) "https://artifacts.elastic.co/downloads/kibana/kibana-5.5.2-windows-x86.zip"
  [74] =>
  string(74) "https://artifacts.elastic.co/downloads/kibana/kibana-5.5.1-windows-x86.zip"
  [75] =>
  string(74) "https://artifacts.elastic.co/downloads/kibana/kibana-5.5.0-windows-x86.zip"
  [76] =>
  string(74) "https://artifacts.elastic.co/downloads/kibana/kibana-5.4.3-windows-x86.zip"
  [77] =>
  string(74) "https://artifacts.elastic.co/downloads/kibana/kibana-5.4.2-windows-x86.zip"
  [79] =>
  string(74) "https://artifacts.elastic.co/downloads/kibana/kibana-5.4.1-windows-x86.zip"
  [83] =>
  string(74) "https://artifacts.elastic.co/downloads/kibana/kibana-5.4.0-windows-x86.zip"
  [78] =>
  string(74) "https://artifacts.elastic.co/downloads/kibana/kibana-5.3.3-windows-x86.zip"
  [84] =>
  string(74) "https://artifacts.elastic.co/downloads/kibana/kibana-5.3.2-windows-x86.zip"
  [85] =>
  string(74) "https://artifacts.elastic.co/downloads/kibana/kibana-5.3.1-windows-x86.zip"
  [86] =>
  string(74) "https://artifacts.elastic.co/downloads/kibana/kibana-5.3.0-windows-x86.zip"
  [87] =>
  string(74) "https://artifacts.elastic.co/downloads/kibana/kibana-5.2.2-windows-x86.zip"
  [101] =>
  string(74) "https://artifacts.elastic.co/downloads/kibana/kibana-5.2.1-windows-x86.zip"
  [102] =>
  string(74) "https://artifacts.elastic.co/downloads/kibana/kibana-5.2.0-windows-x86.zip"
  [103] =>
  string(74) "https://artifacts.elastic.co/downloads/kibana/kibana-5.1.2-windows-x86.zip"
  [104] =>
  string(74) "https://artifacts.elastic.co/downloads/kibana/kibana-5.1.1-windows-x86.zip"
  [105] =>
  string(74) "https://artifacts.elastic.co/downloads/kibana/kibana-5.0.2-windows-x86.zip"
  [106] =>
  string(74) "https://artifacts.elastic.co/downloads/kibana/kibana-5.0.1-windows-x86.zip"
  [107] =>
  string(74) "https://artifacts.elastic.co/downloads/kibana/kibana-5.0.0-windows-x86.zip"
}

kibana-linux:C:\Users\Administrator\Desktop\download_elastic\dumpInfo.php:44:
array(203) {
  [89] =>
  string(74) "https://download.elastic.co/kibana/kibana/kibana-4.6.6-linux-x86_64.tar.gz"
  [90] =>
  string(71) "https://download.elastic.co/kibana/kibana/kibana-4.6.6-linux-x86.tar.gz"
  [93] =>
  string(74) "https://download.elastic.co/kibana/kibana/kibana-4.6.5-linux-x86_64.tar.gz"
  [94] =>
  string(71) "https://download.elastic.co/kibana/kibana/kibana-4.6.5-linux-x86.tar.gz"
  [125] =>
  string(74) "https://download.elastic.co/kibana/kibana/kibana-4.6.4-linux-x86_64.tar.gz"
  [126] =>
  string(71) "https://download.elastic.co/kibana/kibana/kibana-4.6.4-linux-x86.tar.gz"
  [127] =>
  string(74) "https://download.elastic.co/kibana/kibana/kibana-4.6.3-linux-x86_64.tar.gz"
  [128] =>
  string(71) "https://download.elastic.co/kibana/kibana/kibana-4.6.3-linux-x86.tar.gz"
  [163] =>
  string(74) "https://download.elastic.co/kibana/kibana/kibana-4.6.2-linux-x86_64.tar.gz"
  [164] =>
  string(71) "https://download.elastic.co/kibana/kibana/kibana-4.6.2-linux-x86.tar.gz"
  [165] =>
  string(74) "https://download.elastic.co/kibana/kibana/kibana-4.6.1-linux-x86_64.tar.gz"
  [166] =>
  string(71) "https://download.elastic.co/kibana/kibana/kibana-4.6.1-linux-x86.tar.gz"
  [167] =>
  string(74) "https://download.elastic.co/kibana/kibana/kibana-4.6.0-linux-x86_64.tar.gz"
  [168] =>
  string(71) "https://download.elastic.co/kibana/kibana/kibana-4.6.0-linux-x86.tar.gz"
  [170] =>
  string(71) "https://download.elastic.co/kibana/kibana/kibana-4.5.4-linux-x86.tar.gz"
  [169] =>
  string(71) "https://download.elastic.co/kibana/kibana/kibana-4.5.4-linux-x64.tar.gz"
  [172] =>
  string(71) "https://download.elastic.co/kibana/kibana/kibana-4.5.3-linux-x86.tar.gz"
  [171] =>
  string(71) "https://download.elastic.co/kibana/kibana/kibana-4.5.3-linux-x64.tar.gz"
  [174] =>
  string(71) "https://download.elastic.co/kibana/kibana/kibana-4.5.2-linux-x86.tar.gz"
  [173] =>
  string(71) "https://download.elastic.co/kibana/kibana/kibana-4.5.2-linux-x64.tar.gz"
  [190] =>
  string(71) "https://download.elastic.co/kibana/kibana/kibana-4.5.1-linux-x86.tar.gz"
  [189] =>
  string(71) "https://download.elastic.co/kibana/kibana/kibana-4.5.1-linux-x64.tar.gz"
  [182] =>
  string(71) "https://download.elastic.co/kibana/kibana/kibana-4.5.0-linux-x86.tar.gz"
  [181] =>
  string(71) "https://download.elastic.co/kibana/kibana/kibana-4.5.0-linux-x64.tar.gz"
  [180] =>
  string(71) "https://download.elastic.co/kibana/kibana/kibana-4.4.2-linux-x86.tar.gz"
  [179] =>
  string(71) "https://download.elastic.co/kibana/kibana/kibana-4.4.2-linux-x64.tar.gz"
  [178] =>
  string(71) "https://download.elastic.co/kibana/kibana/kibana-4.4.1-linux-x86.tar.gz"
  [177] =>
  string(71) "https://download.elastic.co/kibana/kibana/kibana-4.4.1-linux-x64.tar.gz"
  [176] =>
  string(71) "https://download.elastic.co/kibana/kibana/kibana-4.4.0-linux-x86.tar.gz"
  [175] =>
  string(71) "https://download.elastic.co/kibana/kibana/kibana-4.4.0-linux-x64.tar.gz"
  [184] =>
  string(71) "https://download.elastic.co/kibana/kibana/kibana-4.3.3-linux-x86.tar.gz"
  [183] =>
  string(71) "https://download.elastic.co/kibana/kibana/kibana-4.3.3-linux-x64.tar.gz"
  [186] =>
  string(71) "https://download.elastic.co/kibana/kibana/kibana-4.3.2-linux-x86.tar.gz"
  [185] =>
  string(71) "https://download.elastic.co/kibana/kibana/kibana-4.3.2-linux-x64.tar.gz"
  [194] =>
  string(71) "https://download.elastic.co/kibana/kibana/kibana-4.3.1-linux-x86.tar.gz"
  [193] =>
  string(71) "https://download.elastic.co/kibana/kibana/kibana-4.3.1-linux-x64.tar.gz"
  [200] =>
  string(71) "https://download.elastic.co/kibana/kibana/kibana-4.3.0-linux-x86.tar.gz"
  [199] =>
  string(71) "https://download.elastic.co/kibana/kibana/kibana-4.3.0-linux-x64.tar.gz"
  [112] =>
  string(71) "https://download.elastic.co/kibana/kibana/kibana-4.2.2-linux-x86.tar.gz"
  [111] =>
  string(71) "https://download.elastic.co/kibana/kibana/kibana-4.2.2-linux-x64.tar.gz"
  [110] =>
  string(71) "https://download.elastic.co/kibana/kibana/kibana-4.2.1-linux-x86.tar.gz"
  [109] =>
  string(71) "https://download.elastic.co/kibana/kibana/kibana-4.2.1-linux-x64.tar.gz"
  [108] =>
  string(71) "https://download.elastic.co/kibana/kibana/kibana-4.2.0-linux-x86.tar.gz"
  [107] =>
  string(71) "https://download.elastic.co/kibana/kibana/kibana-4.2.0-linux-x64.tar.gz"
  [134] =>
  string(71) "https://download.elastic.co/kibana/kibana/kibana-4.1.9-linux-x86.tar.gz"
  [133] =>
  string(71) "https://download.elastic.co/kibana/kibana/kibana-4.1.9-linux-x64.tar.gz"
  [136] =>
  string(71) "https://download.elastic.co/kibana/kibana/kibana-4.1.8-linux-x86.tar.gz"
  [135] =>
  string(71) "https://download.elastic.co/kibana/kibana/kibana-4.1.8-linux-x64.tar.gz"
  [138] =>
  string(71) "https://download.elastic.co/kibana/kibana/kibana-4.1.7-linux-x86.tar.gz"
  [137] =>
  string(71) "https://download.elastic.co/kibana/kibana/kibana-4.1.7-linux-x64.tar.gz"
  [140] =>
  string(71) "https://download.elastic.co/kibana/kibana/kibana-4.1.6-linux-x86.tar.gz"
  [139] =>
  string(71) "https://download.elastic.co/kibana/kibana/kibana-4.1.6-linux-x64.tar.gz"
  [142] =>
  string(71) "https://download.elastic.co/kibana/kibana/kibana-4.1.5-linux-x86.tar.gz"
  [141] =>
  string(71) "https://download.elastic.co/kibana/kibana/kibana-4.1.5-linux-x64.tar.gz"
  [144] =>
  string(71) "https://download.elastic.co/kibana/kibana/kibana-4.1.4-linux-x86.tar.gz"
  [143] =>
  string(71) "https://download.elastic.co/kibana/kibana/kibana-4.1.4-linux-x64.tar.gz"
  [146] =>
  string(71) "https://download.elastic.co/kibana/kibana/kibana-4.1.3-linux-x86.tar.gz"
  [145] =>
  string(71) "https://download.elastic.co/kibana/kibana/kibana-4.1.3-linux-x64.tar.gz"
  [148] =>
  string(71) "https://download.elastic.co/kibana/kibana/kibana-4.1.2-linux-x86.tar.gz"
  [147] =>
  string(71) "https://download.elastic.co/kibana/kibana/kibana-4.1.2-linux-x64.tar.gz"
  [130] =>
  string(72) "https://download.elastic.co/kibana/kibana/kibana-4.1.11-linux-x86.tar.gz"
  [129] =>
  string(72) "https://download.elastic.co/kibana/kibana/kibana-4.1.11-linux-x64.tar.gz"
  [132] =>
  string(72) "https://download.elastic.co/kibana/kibana/kibana-4.1.10-linux-x86.tar.gz"
  [131] =>
  string(72) "https://download.elastic.co/kibana/kibana/kibana-4.1.10-linux-x64.tar.gz"
  [197] =>
  string(71) "https://download.elastic.co/kibana/kibana/kibana-4.1.1-linux-x86.tar.gz"
  [198] =>
  string(71) "https://download.elastic.co/kibana/kibana/kibana-4.1.1-linux-x64.tar.gz"
  [191] =>
  string(71) "https://download.elastic.co/kibana/kibana/kibana-4.1.0-linux-x86.tar.gz"
  [192] =>
  string(71) "https://download.elastic.co/kibana/kibana/kibana-4.1.0-linux-x64.tar.gz"
  [123] =>
  string(71) "https://download.elastic.co/kibana/kibana/kibana-4.0.3-linux-x86.tar.gz"
  [124] =>
  string(71) "https://download.elastic.co/kibana/kibana/kibana-4.0.3-linux-x64.tar.gz"
  [195] =>
  string(71) "https://download.elastic.co/kibana/kibana/kibana-4.0.2-linux-x86.tar.gz"
  [196] =>
  string(71) "https://download.elastic.co/kibana/kibana/kibana-4.0.2-linux-x64.tar.gz"
  [187] =>
  string(71) "https://download.elastic.co/kibana/kibana/kibana-4.0.1-linux-x86.tar.gz"
  [188] =>
  string(71) "https://download.elastic.co/kibana/kibana/kibana-4.0.1-linux-x64.tar.gz"
  [201] =>
  string(71) "https://download.elastic.co/kibana/kibana/kibana-4.0.0-linux-x86.tar.gz"
  [202] =>
  string(71) "https://download.elastic.co/kibana/kibana/kibana-4.0.0-linux-x64.tar.gz"
  [0] =>
  string(78) "https://artifacts.elastic.co/downloads/kibana/kibana-7.6.0-linux-x86_64.tar.gz"
  [1] =>
  string(78) "https://artifacts.elastic.co/downloads/kibana/kibana-7.5.2-linux-x86_64.tar.gz"
  [2] =>
  string(78) "https://artifacts.elastic.co/downloads/kibana/kibana-7.5.1-linux-x86_64.tar.gz"
  [4] =>
  string(78) "https://artifacts.elastic.co/downloads/kibana/kibana-7.5.0-linux-x86_64.tar.gz"
  [6] =>
  string(78) "https://artifacts.elastic.co/downloads/kibana/kibana-7.4.2-linux-x86_64.tar.gz"
  [7] =>
  string(78) "https://artifacts.elastic.co/downloads/kibana/kibana-7.4.1-linux-x86_64.tar.gz"
  [9] =>
  string(78) "https://artifacts.elastic.co/downloads/kibana/kibana-7.4.0-linux-x86_64.tar.gz"
  [10] =>
  string(78) "https://artifacts.elastic.co/downloads/kibana/kibana-7.3.2-linux-x86_64.tar.gz"
  [12] =>
  string(78) "https://artifacts.elastic.co/downloads/kibana/kibana-7.3.1-linux-x86_64.tar.gz"
  [13] =>
  string(78) "https://artifacts.elastic.co/downloads/kibana/kibana-7.3.0-linux-x86_64.tar.gz"
  [14] =>
  string(78) "https://artifacts.elastic.co/downloads/kibana/kibana-7.2.1-linux-x86_64.tar.gz"
  [18] =>
  string(78) "https://artifacts.elastic.co/downloads/kibana/kibana-7.2.0-linux-x86_64.tar.gz"
  [19] =>
  string(78) "https://artifacts.elastic.co/downloads/kibana/kibana-7.1.1-linux-x86_64.tar.gz"
  [21] =>
  string(78) "https://artifacts.elastic.co/downloads/kibana/kibana-7.1.0-linux-x86_64.tar.gz"
  [23] =>
  string(78) "https://artifacts.elastic.co/downloads/kibana/kibana-7.0.1-linux-x86_64.tar.gz"
  [25] =>
  string(78) "https://artifacts.elastic.co/downloads/kibana/kibana-7.0.0-linux-x86_64.tar.gz"
  [3] =>
  string(78) "https://artifacts.elastic.co/downloads/kibana/kibana-6.8.6-linux-x86_64.tar.gz"
  [5] =>
  string(78) "https://artifacts.elastic.co/downloads/kibana/kibana-6.8.5-linux-x86_64.tar.gz"
  [8] =>
  string(78) "https://artifacts.elastic.co/downloads/kibana/kibana-6.8.4-linux-x86_64.tar.gz"
  [11] =>
  string(78) "https://artifacts.elastic.co/downloads/kibana/kibana-6.8.3-linux-x86_64.tar.gz"
  [15] =>
  string(78) "https://artifacts.elastic.co/downloads/kibana/kibana-6.8.2-linux-x86_64.tar.gz"
  [20] =>
  string(78) "https://artifacts.elastic.co/downloads/kibana/kibana-6.8.1-linux-x86_64.tar.gz"
  [22] =>
  string(78) "https://artifacts.elastic.co/downloads/kibana/kibana-6.8.0-linux-x86_64.tar.gz"
  [24] =>
  string(78) "https://artifacts.elastic.co/downloads/kibana/kibana-6.7.2-linux-x86_64.tar.gz"
  [26] =>
  string(78) "https://artifacts.elastic.co/downloads/kibana/kibana-6.7.1-linux-x86_64.tar.gz"
  [27] =>
  string(78) "https://artifacts.elastic.co/downloads/kibana/kibana-6.7.0-linux-x86_64.tar.gz"
  [28] =>
  string(78) "https://artifacts.elastic.co/downloads/kibana/kibana-6.6.2-linux-x86_64.tar.gz"
  [29] =>
  string(78) "https://artifacts.elastic.co/downloads/kibana/kibana-6.6.1-linux-x86_64.tar.gz"
  [32] =>
  string(78) "https://artifacts.elastic.co/downloads/kibana/kibana-6.6.0-linux-x86_64.tar.gz"
  [33] =>
  string(78) "https://artifacts.elastic.co/downloads/kibana/kibana-6.5.4-linux-x86_64.tar.gz"
  [36] =>
  string(78) "https://artifacts.elastic.co/downloads/kibana/kibana-6.5.3-linux-x86_64.tar.gz"
  [37] =>
  string(78) "https://artifacts.elastic.co/downloads/kibana/kibana-6.5.2-linux-x86_64.tar.gz"
  [38] =>
  string(78) "https://artifacts.elastic.co/downloads/kibana/kibana-6.5.1-linux-x86_64.tar.gz"
  [39] =>
  string(78) "https://artifacts.elastic.co/downloads/kibana/kibana-6.5.0-linux-x86_64.tar.gz"
  [42] =>
  string(78) "https://artifacts.elastic.co/downloads/kibana/kibana-6.4.3-linux-x86_64.tar.gz"
  [43] =>
  string(78) "https://artifacts.elastic.co/downloads/kibana/kibana-6.4.2-linux-x86_64.tar.gz"
  [46] =>
  string(78) "https://artifacts.elastic.co/downloads/kibana/kibana-6.4.1-linux-x86_64.tar.gz"
  [47] =>
  string(78) "https://artifacts.elastic.co/downloads/kibana/kibana-6.4.0-linux-x86_64.tar.gz"
  [50] =>
  string(78) "https://artifacts.elastic.co/downloads/kibana/kibana-6.3.2-linux-x86_64.tar.gz"
  [51] =>
  string(78) "https://artifacts.elastic.co/downloads/kibana/kibana-6.3.1-linux-x86_64.tar.gz"
  [54] =>
  string(78) "https://artifacts.elastic.co/downloads/kibana/kibana-6.3.0-linux-x86_64.tar.gz"
  [55] =>
  string(78) "https://artifacts.elastic.co/downloads/kibana/kibana-6.2.4-linux-x86_64.tar.gz"
  [58] =>
  string(78) "https://artifacts.elastic.co/downloads/kibana/kibana-6.2.3-linux-x86_64.tar.gz"
  [60] =>
  string(78) "https://artifacts.elastic.co/downloads/kibana/kibana-6.2.2-linux-x86_64.tar.gz"
  [63] =>
  string(78) "https://artifacts.elastic.co/downloads/kibana/kibana-6.2.1-linux-x86_64.tar.gz"
  [64] =>
  string(78) "https://artifacts.elastic.co/downloads/kibana/kibana-6.2.0-linux-x86_64.tar.gz"
  [59] =>
  string(78) "https://artifacts.elastic.co/downloads/kibana/kibana-6.1.4-linux-x86_64.tar.gz"
  [65] =>
  string(78) "https://artifacts.elastic.co/downloads/kibana/kibana-6.1.3-linux-x86_64.tar.gz"
  [70] =>
  string(78) "https://artifacts.elastic.co/downloads/kibana/kibana-6.1.2-linux-x86_64.tar.gz"
  [71] =>
  string(78) "https://artifacts.elastic.co/downloads/kibana/kibana-6.1.1-linux-x86_64.tar.gz"
  [72] =>
  string(78) "https://artifacts.elastic.co/downloads/kibana/kibana-6.1.0-linux-x86_64.tar.gz"
  [75] =>
  string(78) "https://artifacts.elastic.co/downloads/kibana/kibana-6.0.1-linux-x86_64.tar.gz"

  (more elements)...
}

kibana-darwin:C:\Users\Administrator\Desktop\download_elastic\dumpInfo.php:44:
array(128) {
  [71] =>
  string(75) "https://download.elastic.co/kibana/kibana/kibana-4.6.6-darwin-x86_64.tar.gz"
  [73] =>
  string(75) "https://download.elastic.co/kibana/kibana/kibana-4.6.5-darwin-x86_64.tar.gz"
  [89] =>
  string(75) "https://download.elastic.co/kibana/kibana/kibana-4.6.4-darwin-x86_64.tar.gz"
  [90] =>
  string(75) "https://download.elastic.co/kibana/kibana/kibana-4.6.3-darwin-x86_64.tar.gz"
  [108] =>
  string(75) "https://download.elastic.co/kibana/kibana/kibana-4.6.2-darwin-x86_64.tar.gz"
  [109] =>
  string(75) "https://download.elastic.co/kibana/kibana/kibana-4.6.1-darwin-x86_64.tar.gz"
  [110] =>
  string(75) "https://download.elastic.co/kibana/kibana/kibana-4.6.0-darwin-x86_64.tar.gz"
  [111] =>
  string(72) "https://download.elastic.co/kibana/kibana/kibana-4.5.4-darwin-x64.tar.gz"
  [112] =>
  string(72) "https://download.elastic.co/kibana/kibana/kibana-4.5.3-darwin-x64.tar.gz"
  [113] =>
  string(72) "https://download.elastic.co/kibana/kibana/kibana-4.5.2-darwin-x64.tar.gz"
  [121] =>
  string(72) "https://download.elastic.co/kibana/kibana/kibana-4.5.1-darwin-x64.tar.gz"
  [117] =>
  string(72) "https://download.elastic.co/kibana/kibana/kibana-4.5.0-darwin-x64.tar.gz"
  [116] =>
  string(72) "https://download.elastic.co/kibana/kibana/kibana-4.4.2-darwin-x64.tar.gz"
  [115] =>
  string(72) "https://download.elastic.co/kibana/kibana/kibana-4.4.1-darwin-x64.tar.gz"
  [114] =>
  string(72) "https://download.elastic.co/kibana/kibana/kibana-4.4.0-darwin-x64.tar.gz"
  [118] =>
  string(72) "https://download.elastic.co/kibana/kibana/kibana-4.3.3-darwin-x64.tar.gz"
  [119] =>
  string(72) "https://download.elastic.co/kibana/kibana/kibana-4.3.2-darwin-x64.tar.gz"
  [123] =>
  string(72) "https://download.elastic.co/kibana/kibana/kibana-4.3.1-darwin-x64.tar.gz"
  [126] =>
  string(72) "https://download.elastic.co/kibana/kibana/kibana-4.3.0-darwin-x64.tar.gz"
  [82] =>
  string(72) "https://download.elastic.co/kibana/kibana/kibana-4.2.2-darwin-x64.tar.gz"
  [81] =>
  string(72) "https://download.elastic.co/kibana/kibana/kibana-4.2.1-darwin-x64.tar.gz"
  [80] =>
  string(72) "https://download.elastic.co/kibana/kibana/kibana-4.2.0-darwin-x64.tar.gz"
  [93] =>
  string(72) "https://download.elastic.co/kibana/kibana/kibana-4.1.9-darwin-x64.tar.gz"
  [94] =>
  string(72) "https://download.elastic.co/kibana/kibana/kibana-4.1.8-darwin-x64.tar.gz"
  [95] =>
  string(72) "https://download.elastic.co/kibana/kibana/kibana-4.1.7-darwin-x64.tar.gz"
  [96] =>
  string(72) "https://download.elastic.co/kibana/kibana/kibana-4.1.6-darwin-x64.tar.gz"
  [97] =>
  string(72) "https://download.elastic.co/kibana/kibana/kibana-4.1.5-darwin-x64.tar.gz"
  [98] =>
  string(69) "https://download.elastic.co/kibana/kibana/kibana-4.1.4-darwin-x64.zip"
  [99] =>
  string(69) "https://download.elastic.co/kibana/kibana/kibana-4.1.3-darwin-x64.zip"
  [100] =>
  string(69) "https://download.elastic.co/kibana/kibana/kibana-4.1.2-darwin-x64.zip"
  [91] =>
  string(73) "https://download.elastic.co/kibana/kibana/kibana-4.1.11-darwin-x64.tar.gz"
  [92] =>
  string(73) "https://download.elastic.co/kibana/kibana/kibana-4.1.10-darwin-x64.tar.gz"
  [125] =>
  string(72) "https://download.elastic.co/kibana/kibana/kibana-4.1.1-darwin-x64.tar.gz"
  [122] =>
  string(72) "https://download.elastic.co/kibana/kibana/kibana-4.1.0-darwin-x64.tar.gz"
  [88] =>
  string(72) "https://download.elastic.co/kibana/kibana/kibana-4.0.3-darwin-x64.tar.gz"
  [124] =>
  string(72) "https://download.elastic.co/kibana/kibana/kibana-4.0.2-darwin-x64.tar.gz"
  [120] =>
  string(72) "https://download.elastic.co/kibana/kibana/kibana-4.0.1-darwin-x64.tar.gz"
  [127] =>
  string(72) "https://download.elastic.co/kibana/kibana/kibana-4.0.0-darwin-x64.tar.gz"
  [0] =>
  string(79) "https://artifacts.elastic.co/downloads/kibana/kibana-7.6.0-darwin-x86_64.tar.gz"
  [1] =>
  string(79) "https://artifacts.elastic.co/downloads/kibana/kibana-7.5.2-darwin-x86_64.tar.gz"
  [2] =>
  string(79) "https://artifacts.elastic.co/downloads/kibana/kibana-7.5.1-darwin-x86_64.tar.gz"
  [4] =>
  string(79) "https://artifacts.elastic.co/downloads/kibana/kibana-7.5.0-darwin-x86_64.tar.gz"
  [6] =>
  string(79) "https://artifacts.elastic.co/downloads/kibana/kibana-7.4.2-darwin-x86_64.tar.gz"
  [7] =>
  string(79) "https://artifacts.elastic.co/downloads/kibana/kibana-7.4.1-darwin-x86_64.tar.gz"
  [9] =>
  string(79) "https://artifacts.elastic.co/downloads/kibana/kibana-7.4.0-darwin-x86_64.tar.gz"
  [10] =>
  string(79) "https://artifacts.elastic.co/downloads/kibana/kibana-7.3.2-darwin-x86_64.tar.gz"
  [12] =>
  string(79) "https://artifacts.elastic.co/downloads/kibana/kibana-7.3.1-darwin-x86_64.tar.gz"
  [13] =>
  string(79) "https://artifacts.elastic.co/downloads/kibana/kibana-7.3.0-darwin-x86_64.tar.gz"
  [14] =>
  string(79) "https://artifacts.elastic.co/downloads/kibana/kibana-7.2.1-darwin-x86_64.tar.gz"
  [17] =>
  string(79) "https://artifacts.elastic.co/downloads/kibana/kibana-7.2.0-darwin-x86_64.tar.gz"
  [18] =>
  string(79) "https://artifacts.elastic.co/downloads/kibana/kibana-7.1.1-darwin-x86_64.tar.gz"
  [20] =>
  string(79) "https://artifacts.elastic.co/downloads/kibana/kibana-7.1.0-darwin-x86_64.tar.gz"
  [22] =>
  string(79) "https://artifacts.elastic.co/downloads/kibana/kibana-7.0.1-darwin-x86_64.tar.gz"
  [24] =>
  string(79) "https://artifacts.elastic.co/downloads/kibana/kibana-7.0.0-darwin-x86_64.tar.gz"
  [3] =>
  string(79) "https://artifacts.elastic.co/downloads/kibana/kibana-6.8.6-darwin-x86_64.tar.gz"
  [5] =>
  string(79) "https://artifacts.elastic.co/downloads/kibana/kibana-6.8.5-darwin-x86_64.tar.gz"
  [8] =>
  string(79) "https://artifacts.elastic.co/downloads/kibana/kibana-6.8.4-darwin-x86_64.tar.gz"
  [11] =>
  string(79) "https://artifacts.elastic.co/downloads/kibana/kibana-6.8.3-darwin-x86_64.tar.gz"
  [15] =>
  string(79) "https://artifacts.elastic.co/downloads/kibana/kibana-6.8.2-darwin-x86_64.tar.gz"
  [19] =>
  string(79) "https://artifacts.elastic.co/downloads/kibana/kibana-6.8.1-darwin-x86_64.tar.gz"
  [21] =>
  string(79) "https://artifacts.elastic.co/downloads/kibana/kibana-6.8.0-darwin-x86_64.tar.gz"
  [23] =>
  string(79) "https://artifacts.elastic.co/downloads/kibana/kibana-6.7.2-darwin-x86_64.tar.gz"
  [25] =>
  string(79) "https://artifacts.elastic.co/downloads/kibana/kibana-6.7.1-darwin-x86_64.tar.gz"
  [26] =>
  string(79) "https://artifacts.elastic.co/downloads/kibana/kibana-6.7.0-darwin-x86_64.tar.gz"
  [27] =>
  string(79) "https://artifacts.elastic.co/downloads/kibana/kibana-6.6.2-darwin-x86_64.tar.gz"
  [28] =>
  string(79) "https://artifacts.elastic.co/downloads/kibana/kibana-6.6.1-darwin-x86_64.tar.gz"
  [30] =>
  string(79) "https://artifacts.elastic.co/downloads/kibana/kibana-6.6.0-darwin-x86_64.tar.gz"
  [31] =>
  string(79) "https://artifacts.elastic.co/downloads/kibana/kibana-6.5.4-darwin-x86_64.tar.gz"
  [33] =>
  string(79) "https://artifacts.elastic.co/downloads/kibana/kibana-6.5.3-darwin-x86_64.tar.gz"
  [34] =>
  string(79) "https://artifacts.elastic.co/downloads/kibana/kibana-6.5.2-darwin-x86_64.tar.gz"
  [35] =>
  string(79) "https://artifacts.elastic.co/downloads/kibana/kibana-6.5.1-darwin-x86_64.tar.gz"
  [36] =>
  string(79) "https://artifacts.elastic.co/downloads/kibana/kibana-6.5.0-darwin-x86_64.tar.gz"
  [38] =>
  string(79) "https://artifacts.elastic.co/downloads/kibana/kibana-6.4.3-darwin-x86_64.tar.gz"
  [39] =>
  string(79) "https://artifacts.elastic.co/downloads/kibana/kibana-6.4.2-darwin-x86_64.tar.gz"
  [41] =>
  string(79) "https://artifacts.elastic.co/downloads/kibana/kibana-6.4.1-darwin-x86_64.tar.gz"
  [42] =>
  string(79) "https://artifacts.elastic.co/downloads/kibana/kibana-6.4.0-darwin-x86_64.tar.gz"
  [44] =>
  string(79) "https://artifacts.elastic.co/downloads/kibana/kibana-6.3.2-darwin-x86_64.tar.gz"
  [45] =>
  string(79) "https://artifacts.elastic.co/downloads/kibana/kibana-6.3.1-darwin-x86_64.tar.gz"
  [47] =>
  string(79) "https://artifacts.elastic.co/downloads/kibana/kibana-6.3.0-darwin-x86_64.tar.gz"
  [48] =>
  string(79) "https://artifacts.elastic.co/downloads/kibana/kibana-6.2.4-darwin-x86_64.tar.gz"
  [50] =>
  string(79) "https://artifacts.elastic.co/downloads/kibana/kibana-6.2.3-darwin-x86_64.tar.gz"
  [52] =>
  string(79) "https://artifacts.elastic.co/downloads/kibana/kibana-6.2.2-darwin-x86_64.tar.gz"
  [54] =>
  string(79) "https://artifacts.elastic.co/downloads/kibana/kibana-6.2.1-darwin-x86_64.tar.gz"
  [55] =>
  string(79) "https://artifacts.elastic.co/downloads/kibana/kibana-6.2.0-darwin-x86_64.tar.gz"
  [51] =>
  string(79) "https://artifacts.elastic.co/downloads/kibana/kibana-6.1.4-darwin-x86_64.tar.gz"
  [56] =>
  string(79) "https://artifacts.elastic.co/downloads/kibana/kibana-6.1.3-darwin-x86_64.tar.gz"
  [59] =>
  string(79) "https://artifacts.elastic.co/downloads/kibana/kibana-6.1.2-darwin-x86_64.tar.gz"
  [60] =>
  string(79) "https://artifacts.elastic.co/downloads/kibana/kibana-6.1.1-darwin-x86_64.tar.gz"
  [61] =>
  string(79) "https://artifacts.elastic.co/downloads/kibana/kibana-6.1.0-darwin-x86_64.tar.gz"
  [63] =>
  string(79) "https://artifacts.elastic.co/downloads/kibana/kibana-6.0.1-darwin-x86_64.tar.gz"
  [64] =>
  string(79) "https://artifacts.elastic.co/downloads/kibana/kibana-6.0.0-darwin-x86_64.tar.gz"
  [49] =>
  string(79) "https://artifacts.elastic.co/downloads/kibana/kibana-5.6.9-darwin-x86_64.tar.gz"
  [53] =>
  string(79) "https://artifacts.elastic.co/downloads/kibana/kibana-5.6.8-darwin-x86_64.tar.gz"
  [57] =>
  string(79) "https://artifacts.elastic.co/downloads/kibana/kibana-5.6.7-darwin-x86_64.tar.gz"
  [58] =>
  string(79) "https://artifacts.elastic.co/downloads/kibana/kibana-5.6.6-darwin-x86_64.tar.gz"
  [62] =>
  string(79) "https://artifacts.elastic.co/downloads/kibana/kibana-5.6.5-darwin-x86_64.tar.gz"
  [65] =>
  string(79) "https://artifacts.elastic.co/downloads/kibana/kibana-5.6.4-darwin-x86_64.tar.gz"
  [66] =>
  string(79) "https://artifacts.elastic.co/downloads/kibana/kibana-5.6.3-darwin-x86_64.tar.gz"
  [67] =>
  string(79) "https://artifacts.elastic.co/downloads/kibana/kibana-5.6.2-darwin-x86_64.tar.gz"
  [16] =>
  string(80) "https://artifacts.elastic.co/downloads/kibana/kibana-5.6.16-darwin-x86_64.tar.gz"
  [29] =>
  string(80) "https://artifacts.elastic.co/downloads/kibana/kibana-5.6.15-darwin-x86_64.tar.gz"
  [32] =>
  string(80) "https://artifacts.elastic.co/downloads/kibana/kibana-5.6.14-darwin-x86_64.tar.gz"
  [37] =>
  string(80) "https://artifacts.elastic.co/downloads/kibana/kibana-5.6.13-darwin-x86_64.tar.gz"
  [40] =>
  string(80) "https://artifacts.elastic.co/downloads/kibana/kibana-5.6.12-darwin-x86_64.tar.gz"
  [43] =>
  string(80) "https://artifacts.elastic.co/downloads/kibana/kibana-5.6.11-darwin-x86_64.tar.gz"
  [46] =>
  string(80) "https://artifacts.elastic.co/downloads/kibana/kibana-5.6.10-darwin-x86_64.tar.gz"
  [68] =>
  string(79) "https://artifacts.elastic.co/downloads/kibana/kibana-5.6.1-darwin-x86_64.tar.gz"
  [69] =>
  string(79) "https://artifacts.elastic.co/downloads/kibana/kibana-5.6.0-darwin-x86_64.tar.gz"
  [70] =>
  string(79) "https://artifacts.elastic.co/downloads/kibana/kibana-5.5.3-darwin-x86_64.tar.gz"
  [72] =>
  string(79) "https://artifacts.elastic.co/downloads/kibana/kibana-5.5.2-darwin-x86_64.tar.gz"
  [74] =>
  string(79) "https://artifacts.elastic.co/downloads/kibana/kibana-5.5.1-darwin-x86_64.tar.gz"
  [75] =>
  string(79) "https://artifacts.elastic.co/downloads/kibana/kibana-5.5.0-darwin-x86_64.tar.gz"
  [76] =>
  string(79) "https://artifacts.elastic.co/downloads/kibana/kibana-5.4.3-darwin-x86_64.tar.gz"
  [77] =>
  string(79) "https://artifacts.elastic.co/downloads/kibana/kibana-5.4.2-darwin-x86_64.tar.gz"
  [79] =>
  string(79) "https://artifacts.elastic.co/downloads/kibana/kibana-5.4.1-darwin-x86_64.tar.gz"
  [83] =>
  string(79) "https://artifacts.elastic.co/downloads/kibana/kibana-5.4.0-darwin-x86_64.tar.gz"
  [78] =>
  string(79) "https://artifacts.elastic.co/downloads/kibana/kibana-5.3.3-darwin-x86_64.tar.gz"
  [84] =>
  string(79) "https://artifacts.elastic.co/downloads/kibana/kibana-5.3.2-darwin-x86_64.tar.gz"
  [85] =>
  string(79) "https://artifacts.elastic.co/downloads/kibana/kibana-5.3.1-darwin-x86_64.tar.gz"
  [86] =>
  string(79) "https://artifacts.elastic.co/downloads/kibana/kibana-5.3.0-darwin-x86_64.tar.gz"
  [87] =>
  string(79) "https://artifacts.elastic.co/downloads/kibana/kibana-5.2.2-darwin-x86_64.tar.gz"
  [101] =>
  string(79) "https://artifacts.elastic.co/downloads/kibana/kibana-5.2.1-darwin-x86_64.tar.gz"
  [102] =>
  string(79) "https://artifacts.elastic.co/downloads/kibana/kibana-5.2.0-darwin-x86_64.tar.gz"
  [103] =>
  string(79) "https://artifacts.elastic.co/downloads/kibana/kibana-5.1.2-darwin-x86_64.tar.gz"
  [104] =>
  string(79) "https://artifacts.elastic.co/downloads/kibana/kibana-5.1.1-darwin-x86_64.tar.gz"
  [105] =>
  string(79) "https://artifacts.elastic.co/downloads/kibana/kibana-5.0.2-darwin-x86_64.tar.gz"
  [106] =>
  string(79) "https://artifacts.elastic.co/downloads/kibana/kibana-5.0.1-darwin-x86_64.tar.gz"
  [107] =>
  string(79) "https://artifacts.elastic.co/downloads/kibana/kibana-5.0.0-darwin-x86_64.tar.gz"
}

logstash:C:\Users\Administrator\Desktop\download_elastic\dumpInfo.php:69:
array(1) {
  [0] =>
  string(69) "https://artifacts.elastic.co/downloads/logstash/logstash-7.6.0.tar.gz"
}
--- end at 2020-02-27 17:27:16 ---
